
*** Running vivado
    with args -log MDIO_demo_tb.vds -m64 -product Vivado -mode batch -messageDb vivado.pb -notrace -source MDIO_demo_tb.tcl



****** Vivado v2022.1 (64-bit)
  **** SW Build 3526262 on Mon Apr 18 15:48:16 MDT 2022
  **** IP Build 3524634 on Mon Apr 18 20:55:01 MDT 2022
    ** Copyright 1986-2022 Xilinx, Inc. All Rights Reserved.

source MDIO_demo_tb.tcl -notrace
INFO: [IP_Flow 19-234] Refreshing IP repositories
INFO: [IP_Flow 19-1704] No user IP repositories specified
INFO: [IP_Flow 19-2313] Loaded Vivado IP repository 'C:/Xilinx/Vivado/2022.1/data/ip'.
Command: read_checkpoint -auto_incremental -incremental E:/Research/Ethernet1G/zcu102_v2_egdesign/gig_ethernet_pcs_pma_0_ex/gig_ethernet_pcs_pma_0_ex.srcs/utils_1/imports/synth_1/MDIO_demo_tb.dcp
INFO: [Vivado 12-5825] Read reference checkpoint from E:/Research/Ethernet1G/zcu102_v2_egdesign/gig_ethernet_pcs_pma_0_ex/gig_ethernet_pcs_pma_0_ex.srcs/utils_1/imports/synth_1/MDIO_demo_tb.dcp for incremental synthesis
INFO: [Vivado 12-7989] Please ensure there are no constraint changes
Command: synth_design -top MDIO_demo_tb -part xczu9eg-ffvb1156-2-e
Starting synth_design
Attempting to get a license for feature 'Synthesis' and/or device 'xczu9eg'
INFO: [Common 17-349] Got license for feature 'Synthesis' and/or device 'xczu9eg'
INFO: [Device 21-403] Loading part xczu9eg-ffvb1156-2-e
INFO: [Designutils 20-5440] No compile time benefit to using incremental synthesis; A full resynthesis will be run
INFO: [Designutils 20-4379] Flow is switching to default flow due to incremental criteria not met. If you would like to alter this behaviour and have the flow terminate instead, please set the following parameter config_implementation {autoIncr.Synth.RejectBehavior Terminate}
INFO: [Synth 8-7079] Multithreading enabled for synth_design using a maximum of 2 processes.
INFO: [Synth 8-7078] Launching helper process for spawning children vivado processes
INFO: [Synth 8-7075] Helper process launched with PID 22580
---------------------------------------------------------------------------------
Starting RTL Elaboration : Time (s): cpu = 00:00:05 ; elapsed = 00:00:05 . Memory (MB): peak = 2108.617 ; gain = 326.781
---------------------------------------------------------------------------------
INFO: [Synth 8-6157] synthesizing module 'MDIO_demo_tb' [E:/Research/Ethernet1G/zcu102_v2_egdesign/gig_ethernet_pcs_pma_0_ex/gig_ethernet_pcs_pma_0_ex.srcs/sources_1/new/MDIO_demo_tb.v:23]
INFO: [Synth 8-6157] synthesizing module 'design_1_wrapper' [E:/Research/Ethernet1G/zcu102_v2_egdesign/gig_ethernet_pcs_pma_0_ex/gig_ethernet_pcs_pma_0_ex.gen/sources_1/bd/design_1/hdl/design_1_wrapper.v:12]
INFO: [Synth 8-6157] synthesizing module 'design_1' [e:/Research/Ethernet1G/zcu102_v2_egdesign/gig_ethernet_pcs_pma_0_ex/gig_ethernet_pcs_pma_0_ex.gen/sources_1/bd/design_1/synth/design_1.v:12]
INFO: [Synth 8-6157] synthesizing module 'design_1_clk_wiz_0_0' [E:/Research/Ethernet1G/zcu102_v2_egdesign/gig_ethernet_pcs_pma_0_ex/gig_ethernet_pcs_pma_0_ex.runs/synth_1/.Xil/Vivado-24000-LAPTOP-7UM5MEUP/realtime/design_1_clk_wiz_0_0_stub.v:5]
INFO: [Synth 8-6155] done synthesizing module 'design_1_clk_wiz_0_0' (0#1) [E:/Research/Ethernet1G/zcu102_v2_egdesign/gig_ethernet_pcs_pma_0_ex/gig_ethernet_pcs_pma_0_ex.runs/synth_1/.Xil/Vivado-24000-LAPTOP-7UM5MEUP/realtime/design_1_clk_wiz_0_0_stub.v:5]
INFO: [Synth 8-6155] done synthesizing module 'design_1' (0#1) [e:/Research/Ethernet1G/zcu102_v2_egdesign/gig_ethernet_pcs_pma_0_ex/gig_ethernet_pcs_pma_0_ex.gen/sources_1/bd/design_1/synth/design_1.v:12]
INFO: [Synth 8-6155] done synthesizing module 'design_1_wrapper' (0#1) [E:/Research/Ethernet1G/zcu102_v2_egdesign/gig_ethernet_pcs_pma_0_ex/gig_ethernet_pcs_pma_0_ex.gen/sources_1/bd/design_1/hdl/design_1_wrapper.v:12]
INFO: [Synth 8-6155] done synthesizing module 'MDIO_demo_tb' (0#1) [E:/Research/Ethernet1G/zcu102_v2_egdesign/gig_ethernet_pcs_pma_0_ex/gig_ethernet_pcs_pma_0_ex.srcs/sources_1/new/MDIO_demo_tb.v:23]
WARNING: [Synth 8-7129] Port reset in module MDIO_demo_tb is either unconnected or has no load
---------------------------------------------------------------------------------
Finished RTL Elaboration : Time (s): cpu = 00:00:07 ; elapsed = 00:00:07 . Memory (MB): peak = 2190.586 ; gain = 408.750
---------------------------------------------------------------------------------
---------------------------------------------------------------------------------
Start Handling Custom Attributes
---------------------------------------------------------------------------------
---------------------------------------------------------------------------------
Finished Handling Custom Attributes : Time (s): cpu = 00:00:07 ; elapsed = 00:00:07 . Memory (MB): peak = 2208.512 ; gain = 426.676
---------------------------------------------------------------------------------
---------------------------------------------------------------------------------
Finished RTL Optimization Phase 1 : Time (s): cpu = 00:00:07 ; elapsed = 00:00:07 . Memory (MB): peak = 2208.512 ; gain = 426.676
---------------------------------------------------------------------------------
Netlist sorting complete. Time (s): cpu = 00:00:00 ; elapsed = 00:00:00 . Memory (MB): peak = 2208.512 ; gain = 0.000
INFO: [Project 1-570] Preparing netlist for logic optimization

Processing XDC Constraints
Initializing timing engine
Parsing XDC File [e:/Research/Ethernet1G/zcu102_v2_egdesign/gig_ethernet_pcs_pma_0_ex/gig_ethernet_pcs_pma_0_ex.gen/sources_1/bd/design_1/ip/design_1_clk_wiz_0_0/design_1_clk_wiz_0_0/design_1_clk_wiz_0_0_in_context.xdc] for cell 'Uclk/design_1_i/clk_wiz_0'
Finished Parsing XDC File [e:/Research/Ethernet1G/zcu102_v2_egdesign/gig_ethernet_pcs_pma_0_ex/gig_ethernet_pcs_pma_0_ex.gen/sources_1/bd/design_1/ip/design_1_clk_wiz_0_0/design_1_clk_wiz_0_0/design_1_clk_wiz_0_0_in_context.xdc] for cell 'Uclk/design_1_i/clk_wiz_0'
Parsing XDC File [E:/Research/Ethernet1G/zcu102_v2_egdesign/gig_ethernet_pcs_pma_0_ex/imports/gig_ethernet_pcs_pma_0_example_design.xdc]
Finished Parsing XDC File [E:/Research/Ethernet1G/zcu102_v2_egdesign/gig_ethernet_pcs_pma_0_ex/imports/gig_ethernet_pcs_pma_0_example_design.xdc]
Parsing XDC File [E:/Research/Ethernet1G/zcu102_v2_egdesign/gig_ethernet_pcs_pma_0_ex/gig_ethernet_pcs_pma_0_ex.srcs/constrs_1/new/top.xdc]
Finished Parsing XDC File [E:/Research/Ethernet1G/zcu102_v2_egdesign/gig_ethernet_pcs_pma_0_ex/gig_ethernet_pcs_pma_0_ex.srcs/constrs_1/new/top.xdc]
INFO: [Project 1-236] Implementation specific constraints were found while reading constraint file [E:/Research/Ethernet1G/zcu102_v2_egdesign/gig_ethernet_pcs_pma_0_ex/gig_ethernet_pcs_pma_0_ex.srcs/constrs_1/new/top.xdc]. These constraints will be ignored for synthesis but will be used in implementation. Impacted constraints are listed in the file [.Xil/MDIO_demo_tb_propImpl.xdc].
Resolution: To avoid this warning, move constraints listed in [.Xil/MDIO_demo_tb_propImpl.xdc] to another XDC file and exclude this new file from synthesis with the used_in_synthesis property (File Properties dialog in GUI) and re-run elaboration/synthesis.
Parsing XDC File [E:/Research/Ethernet1G/zcu102_v2_egdesign/gig_ethernet_pcs_pma_0_ex/gig_ethernet_pcs_pma_0_ex.runs/synth_1/dont_touch.xdc]
Finished Parsing XDC File [E:/Research/Ethernet1G/zcu102_v2_egdesign/gig_ethernet_pcs_pma_0_ex/gig_ethernet_pcs_pma_0_ex.runs/synth_1/dont_touch.xdc]
Completed Processing XDC Constraints

Netlist sorting complete. Time (s): cpu = 00:00:00 ; elapsed = 00:00:00 . Memory (MB): peak = 2247.402 ; gain = 0.000
INFO: [Project 1-111] Unisim Transformation Summary:
No Unisim elements were transformed.

Constraint Validation Runtime : Time (s): cpu = 00:00:00 ; elapsed = 00:00:00.002 . Memory (MB): peak = 2247.402 ; gain = 0.000
INFO: [Designutils 20-5440] No compile time benefit to using incremental synthesis; A full resynthesis will be run
INFO: [Designutils 20-4379] Flow is switching to default flow due to incremental criteria not met. If you would like to alter this behaviour and have the flow terminate instead, please set the following parameter config_implementation {autoIncr.Synth.RejectBehavior Terminate}
---------------------------------------------------------------------------------
Finished Constraint Validation : Time (s): cpu = 00:00:18 ; elapsed = 00:00:18 . Memory (MB): peak = 2247.402 ; gain = 465.566
---------------------------------------------------------------------------------
---------------------------------------------------------------------------------
Start Loading Part and Timing Information
---------------------------------------------------------------------------------
Loading part: xczu9eg-ffvb1156-2-e
INFO: [Synth 8-6742] Reading net delay rules and data
---------------------------------------------------------------------------------
Finished Loading Part and Timing Information : Time (s): cpu = 00:00:18 ; elapsed = 00:00:18 . Memory (MB): peak = 2247.402 ; gain = 465.566
---------------------------------------------------------------------------------
---------------------------------------------------------------------------------
Start Applying 'set_property' XDC Constraints
---------------------------------------------------------------------------------
Applied set_property IO_BUFFER_TYPE = NONE for io_refclk_N. (constraint file  e:/Research/Ethernet1G/zcu102_v2_egdesign/gig_ethernet_pcs_pma_0_ex/gig_ethernet_pcs_pma_0_ex.gen/sources_1/bd/design_1/ip/design_1_clk_wiz_0_0/design_1_clk_wiz_0_0/design_1_clk_wiz_0_0_in_context.xdc, line 6).
Applied set_property CLOCK_BUFFER_TYPE = NONE for io_refclk_N. (constraint file  e:/Research/Ethernet1G/zcu102_v2_egdesign/gig_ethernet_pcs_pma_0_ex/gig_ethernet_pcs_pma_0_ex.gen/sources_1/bd/design_1/ip/design_1_clk_wiz_0_0/design_1_clk_wiz_0_0/design_1_clk_wiz_0_0_in_context.xdc, line 7).
Applied set_property IO_BUFFER_TYPE = NONE for io_refclk_P. (constraint file  e:/Research/Ethernet1G/zcu102_v2_egdesign/gig_ethernet_pcs_pma_0_ex/gig_ethernet_pcs_pma_0_ex.gen/sources_1/bd/design_1/ip/design_1_clk_wiz_0_0/design_1_clk_wiz_0_0/design_1_clk_wiz_0_0_in_context.xdc, line 8).
Applied set_property CLOCK_BUFFER_TYPE = NONE for io_refclk_P. (constraint file  e:/Research/Ethernet1G/zcu102_v2_egdesign/gig_ethernet_pcs_pma_0_ex/gig_ethernet_pcs_pma_0_ex.gen/sources_1/bd/design_1/ip/design_1_clk_wiz_0_0/design_1_clk_wiz_0_0/design_1_clk_wiz_0_0_in_context.xdc, line 9).
Applied set_property KEEP_HIERARCHY = SOFT for Uclk/design_1_i. (constraint file  auto generated constraint).
Applied set_property KEEP_HIERARCHY = SOFT for Uclk/design_1_i/clk_wiz_0. (constraint file  auto generated constraint).
---------------------------------------------------------------------------------
Finished applying 'set_property' XDC Constraints : Time (s): cpu = 00:00:18 ; elapsed = 00:00:18 . Memory (MB): peak = 2247.402 ; gain = 465.566
---------------------------------------------------------------------------------
---------------------------------------------------------------------------------
Finished RTL Optimization Phase 2 : Time (s): cpu = 00:00:18 ; elapsed = 00:00:18 . Memory (MB): peak = 2247.402 ; gain = 465.566
---------------------------------------------------------------------------------
---------------------------------------------------------------------------------
Start RTL Component Statistics 
---------------------------------------------------------------------------------
Detailed RTL Component Info : 
---------------------------------------------------------------------------------
Finished RTL Component Statistics 
---------------------------------------------------------------------------------
---------------------------------------------------------------------------------
Start Part Resource Summary
---------------------------------------------------------------------------------
Part Resources:
DSPs: 2520 (col length:168)
BRAMs: 1824 (col length: RAMB18 168 RAMB36 84)
---------------------------------------------------------------------------------
Finished Part Resource Summary
---------------------------------------------------------------------------------
---------------------------------------------------------------------------------
Start Cross Boundary and Area Optimization
---------------------------------------------------------------------------------
WARNING: [Synth 8-7080] Parallel synthesis criteria is not met
WARNING: [Synth 8-7129] Port reset in module MDIO_demo_tb is either unconnected or has no load
---------------------------------------------------------------------------------
Finished Cross Boundary and Area Optimization : Time (s): cpu = 00:00:20 ; elapsed = 00:00:20 . Memory (MB): peak = 2247.402 ; gain = 465.566
---------------------------------------------------------------------------------
---------------------------------------------------------------------------------
Start Applying XDC Timing Constraints
---------------------------------------------------------------------------------
---------------------------------------------------------------------------------
Finished Applying XDC Timing Constraints : Time (s): cpu = 00:00:29 ; elapsed = 00:00:29 . Memory (MB): peak = 2765.930 ; gain = 984.094
---------------------------------------------------------------------------------
---------------------------------------------------------------------------------
Start Timing Optimization
---------------------------------------------------------------------------------
---------------------------------------------------------------------------------
Finished Timing Optimization : Time (s): cpu = 00:00:29 ; elapsed = 00:00:29 . Memory (MB): peak = 2765.930 ; gain = 984.094
---------------------------------------------------------------------------------
---------------------------------------------------------------------------------
Start Technology Mapping
---------------------------------------------------------------------------------
---------------------------------------------------------------------------------
Finished Technology Mapping : Time (s): cpu = 00:00:29 ; elapsed = 00:00:29 . Memory (MB): peak = 2785.051 ; gain = 1003.215
---------------------------------------------------------------------------------
---------------------------------------------------------------------------------
Start IO Insertion
---------------------------------------------------------------------------------
---------------------------------------------------------------------------------
Start Flattening Before IO Insertion
---------------------------------------------------------------------------------
---------------------------------------------------------------------------------
Finished Flattening Before IO Insertion
---------------------------------------------------------------------------------
---------------------------------------------------------------------------------
Start Final Netlist Cleanup
---------------------------------------------------------------------------------
---------------------------------------------------------------------------------
Finished Final Netlist Cleanup
---------------------------------------------------------------------------------
---------------------------------------------------------------------------------
Finished IO Insertion : Time (s): cpu = 00:00:34 ; elapsed = 00:00:34 . Memory (MB): peak = 2790.809 ; gain = 1008.973
---------------------------------------------------------------------------------
---------------------------------------------------------------------------------
Start Renaming Generated Instances
---------------------------------------------------------------------------------
---------------------------------------------------------------------------------
Finished Renaming Generated Instances : Time (s): cpu = 00:00:34 ; elapsed = 00:00:34 . Memory (MB): peak = 2790.809 ; gain = 1008.973
---------------------------------------------------------------------------------
---------------------------------------------------------------------------------
Start Rebuilding User Hierarchy
---------------------------------------------------------------------------------
---------------------------------------------------------------------------------
Finished Rebuilding User Hierarchy : Time (s): cpu = 00:00:34 ; elapsed = 00:00:34 . Memory (MB): peak = 2790.809 ; gain = 1008.973
---------------------------------------------------------------------------------
---------------------------------------------------------------------------------
Start Renaming Generated Ports
---------------------------------------------------------------------------------
---------------------------------------------------------------------------------
Finished Renaming Generated Ports : Time (s): cpu = 00:00:34 ; elapsed = 00:00:34 . Memory (MB): peak = 2790.809 ; gain = 1008.973
---------------------------------------------------------------------------------
---------------------------------------------------------------------------------
Start Handling Custom Attributes
---------------------------------------------------------------------------------
---------------------------------------------------------------------------------
Finished Handling Custom Attributes : Time (s): cpu = 00:00:34 ; elapsed = 00:00:34 . Memory (MB): peak = 2790.809 ; gain = 1008.973
---------------------------------------------------------------------------------
---------------------------------------------------------------------------------
Start Renaming Generated Nets
---------------------------------------------------------------------------------
---------------------------------------------------------------------------------
Finished Renaming Generated Nets : Time (s): cpu = 00:00:34 ; elapsed = 00:00:34 . Memory (MB): peak = 2790.809 ; gain = 1008.973
---------------------------------------------------------------------------------
---------------------------------------------------------------------------------
Start Writing Synthesis Report
---------------------------------------------------------------------------------

Report BlackBoxes: 
+------+---------------------+----------+
|      |BlackBox name        |Instances |
+------+---------------------+----------+
|1     |design_1_clk_wiz_0_0 |         1|
+------+---------------------+----------+

Report Cell Usage: 
+------+-------------------+------+
|      |Cell               |Count |
+------+-------------------+------+
|1     |design_1_clk_wiz_0 |     1|
|2     |OBUF               |     2|
+------+-------------------+------+
---------------------------------------------------------------------------------
Finished Writing Synthesis Report : Time (s): cpu = 00:00:34 ; elapsed = 00:00:34 . Memory (MB): peak = 2790.809 ; gain = 1008.973
---------------------------------------------------------------------------------
Synthesis finished with 0 errors, 0 critical warnings and 2 warnings.
Synthesis Optimization Runtime : Time (s): cpu = 00:00:21 ; elapsed = 00:00:29 . Memory (MB): peak = 2790.809 ; gain = 970.082
Synthesis Optimization Complete : Time (s): cpu = 00:00:34 ; elapsed = 00:00:34 . Memory (MB): peak = 2790.809 ; gain = 1008.973
INFO: [Project 1-571] Translating synthesized netlist
Netlist sorting complete. Time (s): cpu = 00:00:00 ; elapsed = 00:00:00 . Memory (MB): peak = 2802.832 ; gain = 0.000
INFO: [Project 1-570] Preparing netlist for logic optimization
INFO: [Opt 31-138] Pushed 0 inverter(s) to 0 load pin(s).
Netlist sorting complete. Time (s): cpu = 00:00:00 ; elapsed = 00:00:00 . Memory (MB): peak = 2840.043 ; gain = 0.000
INFO: [Project 1-111] Unisim Transformation Summary:
No Unisim elements were transformed.

Synth Design complete, checksum: da1b6486
INFO: [Common 17-83] Releasing license: Synthesis
31 Infos, 3 Warnings, 0 Critical Warnings and 0 Errors encountered.
synth_design completed successfully
synth_design: Time (s): cpu = 00:00:40 ; elapsed = 00:00:42 . Memory (MB): peak = 2840.043 ; gain = 1218.777
INFO: [Common 17-1381] The checkpoint 'E:/Research/Ethernet1G/zcu102_v2_egdesign/gig_ethernet_pcs_pma_0_ex/gig_ethernet_pcs_pma_0_ex.runs/synth_1/MDIO_demo_tb.dcp' has been generated.
INFO: [runtcl-4] Executing : report_utilization -file MDIO_demo_tb_utilization_synth.rpt -pb MDIO_demo_tb_utilization_synth.pb
INFO: [Common 17-206] Exiting Vivado at Mon Feb 13 10:57:40 2023...
